[debug] [2023-05-26T14:55:31.360Z] ----------------------------------------------------------------------
[debug] [2023-05-26T14:55:31.362Z] Command:       C:\Program Files\nodejs\node.exe C:\Users\Administrator\AppData\Roaming\npm\node_modules\firebase-tools\lib\bin\firebase.js init
[debug] [2023-05-26T14:55:31.362Z] CLI Version:   12.2.1
[debug] [2023-05-26T14:55:31.362Z] Platform:      win32
[debug] [2023-05-26T14:55:31.362Z] Node Version:  v18.14.0
[debug] [2023-05-26T14:55:31.363Z] Time:          Fri May 26 2023 20:55:31 GMT+0600 (Bangladesh Standard Time)
[debug] [2023-05-26T14:55:31.363Z] ----------------------------------------------------------------------
[debug] 
[debug] [2023-05-26T14:55:31.417Z] > command requires scopes: ["email","openid","https://www.googleapis.com/auth/cloudplatformprojects.readonly","https://www.googleapis.com/auth/firebase","https://www.googleapis.com/auth/cloud-platform"]
[debug] [2023-05-26T14:55:31.418Z] > authorizing via signed-in user (kamrujjaman0228@gmail.com)
[info] 
     ######## #### ########  ######## ########     ###     ######  ########
     ##        ##  ##     ## ##       ##     ##  ##   ##  ##       ##
     ######    ##  ########  ######   ########  #########  ######  ######
     ##        ##  ##    ##  ##       ##     ## ##     ##       ## ##
     ##       #### ##     ## ######## ########  ##     ##  ######  ########

You're about to initialize a Firebase project in this directory:

  C:\projects\suratools

Before we get started, keep in mind:

  * You are currently outside your home directory
  * You are initializing within an existing Firebase project directory

[info] 
=== Project Setup
[info] 
[info] First, let's associate this project directory with a Firebase project.
[info] You can create multiple project aliases by running firebase use --add, 
[info] but for now we'll just set up a default project.
[info] 
[debug] [2023-05-26T14:56:28.928Z] Using project from CLI flag: sura-tools
[debug] [2023-05-26T14:56:28.929Z] >>> [apiv2][query] GET https://firebase.googleapis.com/v1beta1/projects/sura-tools [none]
[debug] [2023-05-26T14:56:29.659Z] <<< [apiv2][status] GET https://firebase.googleapis.com/v1beta1/projects/sura-tools 403
[debug] [2023-05-26T14:56:29.659Z] <<< [apiv2][body] GET https://firebase.googleapis.com/v1beta1/projects/sura-tools {"error":{"code":403,"message":"The caller does not have permission","status":"PERMISSION_DENIED"}}
[debug] [2023-05-26T14:56:29.659Z] HTTP Error: 403, The caller does not have permission
[debug] [2023-05-26T14:56:29.979Z] FirebaseError: HTTP Error: 403, The caller does not have permission
    at responseToError (C:\Users\Administrator\AppData\Roaming\npm\node_modules\firebase-tools\lib\responseToError.js:49:12)
    at RetryOperation._fn (C:\Users\Administrator\AppData\Roaming\npm\node_modules\firebase-tools\lib\apiv2.js:288:77)
    at process.processTicksAndRejections (node:internal/process/task_queues:95:5)
[error] 
[error] Error: Failed to get Firebase project sura-tools. Please make sure the project exists and your account has permission to access it.
